Using pre-set license
Built from '2020.3/staging' branch; Version is '2020.3.0f1 (c7b5465681fb) revision 13088070'; Using compiler version '192528614'; Build Type 'Release'
OS: 'Windows 10 Home; OS build 19042.985; Version 2009; 64bit' Language: 'fr' Physical Memory: 16269 MB
BatchMode: 1, IsHumanControllingUs: 0, StartBugReporterOnCrash: 0, Is64bit: 1, IsPro: 0

 COMMAND LINE ARGUMENTS:
C:\Program Files\Unity\Hub\Editor\2020.3.0f1\Editor\Unity.exe
-adb2
-batchMode
-noUpm
-name
AssetImportWorker0
-projectPath
D:/Workspaces/Unity/HKSanctuaryTest
-logFile
Logs/AssetImportWorker0.log
-srvPort
50035
Successfully changed project path to: D:/Workspaces/Unity/HKSanctuaryTest
D:/Workspaces/Unity/HKSanctuaryTest
Using Asset Import Pipeline V2.
Refreshing native plugins compatible for Editor in 46.35 ms, found 1 plugins.
Preloading 0 native plugins for Editor in 0.00 ms.
Initialize engine version: 2020.3.0f1 (c7b5465681fb)
[Subsystems] Discovering subsystems at path C:/Program Files/Unity/Hub/Editor/2020.3.0f1/Editor/Data/Resources/UnitySubsystems
[Subsystems] Discovering subsystems at path D:/Workspaces/Unity/HKSanctuaryTest/Assets
GfxDevice: creating device client; threaded=0
Direct3D:
    Version:  Direct3D 11.0 [level 11.1]
    Renderer: NVIDIA GeForce GTX 1070 (ID=0x1ba1)
    Vendor:   
    VRAM:     8081 MB
    Driver:   27.21.14.6627
Initialize mono
Mono path[0] = 'C:/Program Files/Unity/Hub/Editor/2020.3.0f1/Editor/Data/Managed'
Mono path[1] = 'C:/Program Files/Unity/Hub/Editor/2020.3.0f1/Editor/Data/MonoBleedingEdge/lib/mono/unityjit'
Mono config path = 'C:/Program Files/Unity/Hub/Editor/2020.3.0f1/Editor/Data/MonoBleedingEdge/etc'
Using monoOptions --debugger-agent=transport=dt_socket,embedding=1,server=y,suspend=n,address=127.0.0.1:56868
Begin MonoManager ReloadAssembly
Registering precompiled unity dll's ...
Register platform support module: C:/Program Files/Unity/Hub/Editor/2020.3.0f1/Editor/Data/PlaybackEngines/WebGLSupport/UnityEditor.WebGL.Extensions.dll
Register platform support module: C:/Program Files/Unity/Hub/Editor/2020.3.0f1/Editor/Data/PlaybackEngines/WindowsStandaloneSupport/UnityEditor.WindowsStandalone.Extensions.dll
Registered in 0.002994 seconds.
Native extension for WindowsStandalone target not found
Native extension for WebGL target not found
Refreshing native plugins compatible for Editor in 51.84 ms, found 1 plugins.
Preloading 0 native plugins for Editor in 0.00 ms.
Invoked RoslynAnalysisRunner static constructor.
RoslynAnalysisRunner will not be running.
RoslynAnalysisRunner has terminated.
Mono: successfully reloaded assembly
- Completed reload, in  1.664 seconds
Platform modules already initialized, skipping
Registering precompiled user dll's ...
Registered in 0.001185 seconds.
Begin MonoManager ReloadAssembly
Native extension for WindowsStandalone target not found
Native extension for WebGL target not found
Refreshing native plugins compatible for Editor in 42.85 ms, found 1 plugins.
Preloading 0 native plugins for Editor in 0.00 ms.
Invoked RoslynAnalysisRunner static constructor.
RoslynAnalysisRunner will not be running.
RoslynAnalysisRunner has terminated.
Mono: successfully reloaded assembly
- Completed reload, in  1.203 seconds
Platform modules already initialized, skipping
========================================================================
Worker process is ready to serve import requests
Launched and connected shader compiler UnityShaderCompiler.exe after 0.06 seconds
Refreshing native plugins compatible for Editor in 0.35 ms, found 1 plugins.
Preloading 0 native plugins for Editor in 0.00 ms.
Unloading 1810 Unused Serialized files (Serialized files now loaded: 0)
System memory in use before: 84.6 MB.
System memory in use after: 84.6 MB.

Unloading 25 unused Assets to reduce memory usage. Loaded Objects now: 2252.
Total: 4.747600 ms (FindLiveObjects: 0.590600 ms CreateObjectMapping: 0.342800 ms MarkObjects: 3.553800 ms  DeleteObjects: 0.258700 ms)

========================================================================
Received Import Request.
  path: Assets/Sprites/SpearTestSpriteSheet.png
  artifactKey: Guid(96df9c202e51eb542967d214b0dcc193) Importer(815301076,1909f56bfc062723c751e8b465ee728b)
Start importing Assets/Sprites/SpearTestSpriteSheet.png using Guid(96df9c202e51eb542967d214b0dcc193) Importer(815301076,1909f56bfc062723c751e8b465ee728b)  -> (artifact id: 'c9500e5ebc5673ab7d69aee8ba6d6b19') in 0.459295 seconds
  Import took 0.464575 seconds .

========================================================================
Received Import Request.
  Time since last request: 2271.100446 seconds.
  path: Assets/Sprites/SpearTestSpriteSheet.png
  artifactKey: Guid(96df9c202e51eb542967d214b0dcc193) Importer(815301076,1909f56bfc062723c751e8b465ee728b)
Start importing Assets/Sprites/SpearTestSpriteSheet.png using Guid(96df9c202e51eb542967d214b0dcc193) Importer(815301076,1909f56bfc062723c751e8b465ee728b)  -> (artifact id: 'abeabde80507d73776a377b992b7cee5') in 0.307503 seconds
  Import took 0.312911 seconds .

========================================================================
Received Import Request.
  Time since last request: 48.988502 seconds.
  path: Assets/Sprites/SpearTestSpriteSheet.png
  artifactKey: Guid(96df9c202e51eb542967d214b0dcc193) Importer(815301076,1909f56bfc062723c751e8b465ee728b)
Start importing Assets/Sprites/SpearTestSpriteSheet.png using Guid(96df9c202e51eb542967d214b0dcc193) Importer(815301076,1909f56bfc062723c751e8b465ee728b)  -> (artifact id: 'baa428c745cd04acfce80aad7d5e1f4e') in 0.266440 seconds
  Import took 0.270509 seconds .

========================================================================
Received Import Request.
  Time since last request: 6.489471 seconds.
  path: Assets/Sprites/SpearTestSpriteSheet.png
  artifactKey: Guid(96df9c202e51eb542967d214b0dcc193) Importer(815301076,1909f56bfc062723c751e8b465ee728b)
Start importing Assets/Sprites/SpearTestSpriteSheet.png using Guid(96df9c202e51eb542967d214b0dcc193) Importer(815301076,1909f56bfc062723c751e8b465ee728b)  -> (artifact id: 'fdfa195792458dc98ebb8f13b3a1739d') in 0.266411 seconds
  Import took 0.270263 seconds .

========================================================================
Received Import Request.
  Time since last request: 51.115087 seconds.
  path: Assets/Sprites/SpearTestSpriteSheet.png
  artifactKey: Guid(96df9c202e51eb542967d214b0dcc193) Importer(815301076,1909f56bfc062723c751e8b465ee728b)
Start importing Assets/Sprites/SpearTestSpriteSheet.png using Guid(96df9c202e51eb542967d214b0dcc193) Importer(815301076,1909f56bfc062723c751e8b465ee728b)  -> (artifact id: '0ddfd3a40b034266e85dc4182a3d6c39') in 0.300800 seconds
  Import took 0.305937 seconds .

========================================================================
Received Import Request.
  Time since last request: 47.769480 seconds.
  path: Assets/Sprites/SpearTestSpriteSheet.png
  artifactKey: Guid(96df9c202e51eb542967d214b0dcc193) Importer(815301076,1909f56bfc062723c751e8b465ee728b)
Start importing Assets/Sprites/SpearTestSpriteSheet.png using Guid(96df9c202e51eb542967d214b0dcc193) Importer(815301076,1909f56bfc062723c751e8b465ee728b)  -> (artifact id: '1c7486fe919d719e6ec7763568788cbb') in 0.246760 seconds
  Import took 0.251265 seconds .

========================================================================
Received Prepare
Registering precompiled user dll's ...
Registered in 0.001200 seconds.
Begin MonoManager ReloadAssembly
Native extension for WindowsStandalone target not found
Native extension for WebGL target not found
Refreshing native plugins compatible for Editor in 0.35 ms, found 1 plugins.
Preloading 0 native plugins for Editor in 0.00 ms.
Invoked RoslynAnalysisRunner static constructor.
RoslynAnalysisRunner will not be running.
RoslynAnalysisRunner has terminated.
Mono: successfully reloaded assembly
- Completed reload, in  0.935 seconds
Platform modules already initialized, skipping
Refreshing native plugins compatible for Editor in 0.39 ms, found 1 plugins.
Preloading 0 native plugins for Editor in 0.00 ms.
Unloading 1805 Unused Serialized files (Serialized files now loaded: 0)
System memory in use before: 87.8 MB.
System memory in use after: 87.8 MB.

Unloading 13 unused Assets to reduce memory usage. Loaded Objects now: 2323.
Total: 2.760800 ms (FindLiveObjects: 0.299900 ms CreateObjectMapping: 0.133700 ms MarkObjects: 2.194400 ms  DeleteObjects: 0.131800 ms)

========================================================================
Received Prepare
Registering precompiled user dll's ...
Registered in 0.001247 seconds.
Begin MonoManager ReloadAssembly
Native extension for WindowsStandalone target not found
Native extension for WebGL target not found
Refreshing native plugins compatible for Editor in 0.35 ms, found 1 plugins.
Preloading 0 native plugins for Editor in 0.00 ms.
Invoked RoslynAnalysisRunner static constructor.
RoslynAnalysisRunner will not be running.
RoslynAnalysisRunner has terminated.
Mono: successfully reloaded assembly
- Completed reload, in  1.053 seconds
Platform modules already initialized, skipping
Refreshing native plugins compatible for Editor in 0.38 ms, found 1 plugins.
Preloading 0 native plugins for Editor in 0.00 ms.
Unloading 1805 Unused Serialized files (Serialized files now loaded: 0)
System memory in use before: 87.9 MB.
System memory in use after: 87.9 MB.

Unloading 13 unused Assets to reduce memory usage. Loaded Objects now: 2327.
Total: 2.532500 ms (FindLiveObjects: 0.245800 ms CreateObjectMapping: 0.076400 ms MarkObjects: 2.047700 ms  DeleteObjects: 0.161800 ms)

========================================================================
Received Prepare
Registering precompiled user dll's ...
Registered in 0.001201 seconds.
Begin MonoManager ReloadAssembly
Native extension for WindowsStandalone target not found
Native extension for WebGL target not found
Refreshing native plugins compatible for Editor in 0.54 ms, found 1 plugins.
Preloading 0 native plugins for Editor in 0.00 ms.
Invoked RoslynAnalysisRunner static constructor.
RoslynAnalysisRunner will not be running.
RoslynAnalysisRunner has terminated.
Mono: successfully reloaded assembly
- Completed reload, in  0.995 seconds
Platform modules already initialized, skipping
Refreshing native plugins compatible for Editor in 0.35 ms, found 1 plugins.
Preloading 0 native plugins for Editor in 0.00 ms.
Unloading 1805 Unused Serialized files (Serialized files now loaded: 0)
System memory in use before: 87.9 MB.
System memory in use after: 87.9 MB.

Unloading 13 unused Assets to reduce memory usage. Loaded Objects now: 2331.
Total: 2.475500 ms (FindLiveObjects: 0.217500 ms CreateObjectMapping: 0.097200 ms MarkObjects: 2.021800 ms  DeleteObjects: 0.137900 ms)

========================================================================
Received Prepare
Registering precompiled user dll's ...
Registered in 0.001948 seconds.
Begin MonoManager ReloadAssembly
Native extension for WindowsStandalone target not found
Native extension for WebGL target not found
Refreshing native plugins compatible for Editor in 0.56 ms, found 1 plugins.
Preloading 0 native plugins for Editor in 0.00 ms.
Invoked RoslynAnalysisRunner static constructor.
RoslynAnalysisRunner will not be running.
RoslynAnalysisRunner has terminated.
Mono: successfully reloaded assembly
- Completed reload, in  0.992 seconds
Platform modules already initialized, skipping
Refreshing native plugins compatible for Editor in 0.35 ms, found 1 plugins.
Preloading 0 native plugins for Editor in 0.00 ms.
Unloading 1805 Unused Serialized files (Serialized files now loaded: 0)
System memory in use before: 87.9 MB.
System memory in use after: 87.9 MB.

Unloading 13 unused Assets to reduce memory usage. Loaded Objects now: 2335.
Total: 2.573100 ms (FindLiveObjects: 0.397900 ms CreateObjectMapping: 0.141700 ms MarkObjects: 1.877000 ms  DeleteObjects: 0.155000 ms)

========================================================================
Received Prepare
Registering precompiled user dll's ...
Registered in 0.001210 seconds.
Begin MonoManager ReloadAssembly
Native extension for WindowsStandalone target not found
Native extension for WebGL target not found
Refreshing native plugins compatible for Editor in 0.46 ms, found 1 plugins.
Preloading 0 native plugins for Editor in 0.00 ms.
Invoked RoslynAnalysisRunner static constructor.
RoslynAnalysisRunner will not be running.
RoslynAnalysisRunner has terminated.
Mono: successfully reloaded assembly
- Completed reload, in  1.134 seconds
Platform modules already initialized, skipping
Refreshing native plugins compatible for Editor in 0.39 ms, found 1 plugins.
Preloading 0 native plugins for Editor in 0.00 ms.
Unloading 1805 Unused Serialized files (Serialized files now loaded: 0)
System memory in use before: 87.9 MB.
System memory in use after: 87.9 MB.

Unloading 13 unused Assets to reduce memory usage. Loaded Objects now: 2339.
Total: 3.227800 ms (FindLiveObjects: 0.769900 ms CreateObjectMapping: 0.195200 ms MarkObjects: 2.096200 ms  DeleteObjects: 0.164800 ms)

